[    3132ms] [WARNING] The resource http://localhost:3000/_next/static/media/797e433ab948586e-s.p.0.q-h669a_dqa.woff2 was preloaded using link preload but not used within a few seconds from the window's load event. Please make sure it has an appropriate `as` value and it is preloaded intentionally. @ http://localhost:3000/:0
[  187465ms] [ERROR] ./src/app/players/page.tsx:2:1
Module not found: Can't resolve './PlayersPageContent'
  1 | import { Suspense } from "react";
> 2 | import PlayersPageContent from "./PlayersPageContent";
    | ^^^^^^^^^^^^^^^^^^^^^^^^^^^^^^^^^^^^^^^^^^^^^^^^^^^^^^
  3 |
  4 | /**
  5 |  * Player Database page — wrapped in Suspense because the inner content

https://nextjs.org/docs/messages/module-not-found @ http://localhost:3000/_next/static/chunks/node_modules_next_dist_115brz8._.js:3272
[  189034ms] [ERROR] ./src/app/players/page.tsx:2:1
Module not found: Can't resolve './PlayersPageContent'
  1 | import { Suspense } from "react";
> 2 | import PlayersPageContent from "./PlayersPageContent";
    | ^^^^^^^^^^^^^^^^^^^^^^^^^^^^^^^^^^^^^^^^^^^^^^^^^^^^^^
  3 |
  4 | /**
  5 |  * Player Database page — wrapped in Suspense because the inner content

https://nextjs.org/docs/messages/module-not-found @ http://localhost:3000/_next/static/chunks/node_modules_next_dist_115brz8._.js:3272
[  189043ms] [ERROR] Failed to load resource: the server responded with a status of 500 (Internal Server Error) @ http://localhost:3000/?_rsc=wnywt:0
[  189244ms] [ERROR] ./src/app/players/page.tsx:2:1
Module not found: Can't resolve './PlayersPageContent'
  1 | import { Suspense } from "react";
> 2 | import PlayersPageContent from "./PlayersPageContent";
    | ^^^^^^^^^^^^^^^^^^^^^^^^^^^^^^^^^^^^^^^^^^^^^^^^^^^^^^
  3 |
  4 | /**
  5 |  * Player Database page — wrapped in Suspense because the inner content

https://nextjs.org/docs/messages/module-not-found @ http://localhost:3000/_next/static/chunks/node_modules_next_dist_115brz8._.js:3272
[  189245ms] [ERROR] Failed to load resource: the server responded with a status of 500 (Internal Server Error) @ http://localhost:3000/?_rsc=wnywt:0
[  189248ms] [ERROR] Failed to load resource: the server responded with a status of 500 (Internal Server Error) @ http://localhost:3000/:0
[  189477ms] Error: ./src/app/players/page.tsx:2:1
Module not found: Can't resolve './PlayersPageContent'
  1 | import { Suspense } from "react";
> 2 | import PlayersPageContent from "./PlayersPageContent";
    | ^^^^^^^^^^^^^^^^^^^^^^^^^^^^^^^^^^^^^^^^^^^^^^^^^^^^^^
  3 |
  4 | /**
  5 |  * Player Database page — wrapped in Suspense because the inner content



https://nextjs.org/docs/messages/module-not-found


    at <unknown> (Error: ./src/app/players/page.tsx:2:1)
    at <unknown> (https://nextjs.org/docs/messages/module-not-found)
    at Object.getCompilationErrors (file:///Users/kwondongho/dev/fifa/node_modules/next/dist/server/dev/hot-reloader-turbopack.js:1189:59)
    at DevBundlerService.getCompilationError (file:///Users/kwondongho/dev/fifa/node_modules/next/dist/server/lib/dev-bundler-service.js:44:55)
    at DevServer.getCompilationError (file:///Users/kwondongho/dev/fifa/node_modules/next/dist/server/dev/next-dev-server.js:719:42)
    at DevServer.findPageComponents (file:///Users/kwondongho/dev/fifa/node_modules/next/dist/server/dev/next-dev-server.js:689:43)
    at async DevServer.renderErrorToResponseImpl (file:///Users/kwondongho/dev/fifa/node_modules/next/dist/server/base-server.js:1745:26)
[  189490ms] [ERROR] ./src/app/players/page.tsx:2:1
Module not found: Can't resolve './PlayersPageContent'
  1 | import { Suspense } from "react";
> 2 | import PlayersPageContent from "./PlayersPageContent";
    | ^^^^^^^^^^^^^^^^^^^^^^^^^^^^^^^^^^^^^^^^^^^^^^^^^^^^^^
  3 |
  4 | /**
  5 |  * Player Database page — wrapped in Suspense because the inner content

https://nextjs.org/docs/messages/module-not-found @ http://localhost:3000/_next/static/chunks/node_modules_next_dist_0u_w_5s._.js:1945
[  189576ms] [ERROR] ./src/app/players/page.tsx:2:1
Module not found: Can't resolve './PlayersPageContent'
  1 | import { Suspense } from "react";
> 2 | import PlayersPageContent from "./PlayersPageContent";
    | ^^^^^^^^^^^^^^^^^^^^^^^^^^^^^^^^^^^^^^^^^^^^^^^^^^^^^^
  3 |
  4 | /**
  5 |  * Player Database page — wrapped in Suspense because the inner content

https://nextjs.org/docs/messages/module-not-found @ http://localhost:3000/_next/static/chunks/node_modules_next_dist_0u_w_5s._.js:1945
[  200366ms] [ERROR] ./src/app/players/page.tsx:2:1
Module not found: Can't resolve './PlayersPageContent'
  1 | import { Suspense } from "react";
> 2 | import PlayersPageContent from "./PlayersPageContent";
    | ^^^^^^^^^^^^^^^^^^^^^^^^^^^^^^^^^^^^^^^^^^^^^^^^^^^^^^
  3 |
  4 | /**
  5 |  * Player Database page — wrapped in Suspense because the inner content

https://nextjs.org/docs/messages/module-not-found @ http://localhost:3000/_next/static/chunks/node_modules_next_dist_0u_w_5s._.js:1945
[  200549ms] [ERROR] ./src/app/players/page.tsx:2:1
Module not found: Can't resolve './PlayersPageContent'
  1 | import { Suspense } from "react";
> 2 | import PlayersPageContent from "./PlayersPageContent";
    | ^^^^^^^^^^^^^^^^^^^^^^^^^^^^^^^^^^^^^^^^^^^^^^^^^^^^^^
  3 |
  4 | /**
  5 |  * Player Database page — wrapped in Suspense because the inner content

https://nextjs.org/docs/messages/module-not-found @ http://localhost:3000/_next/static/chunks/node_modules_next_dist_0u_w_5s._.js:1945
[  200677ms] [ERROR] ./src/app/players/page.tsx:2:1
Module not found: Can't resolve './PlayersPageContent'
  1 | import { Suspense } from "react";
> 2 | import PlayersPageContent from "./PlayersPageContent";
    | ^^^^^^^^^^^^^^^^^^^^^^^^^^^^^^^^^^^^^^^^^^^^^^^^^^^^^^
  3 |
  4 | /**
  5 |  * Player Database page — wrapped in Suspense because the inner content

https://nextjs.org/docs/messages/module-not-found @ http://localhost:3000/_next/static/chunks/node_modules_next_dist_0u_w_5s._.js:1945
[  200774ms] [ERROR] ./src/app/players/page.tsx:2:1
Module not found: Can't resolve './PlayersPageContent'
  1 | import { Suspense } from "react";
> 2 | import PlayersPageContent from "./PlayersPageContent";
    | ^^^^^^^^^^^^^^^^^^^^^^^^^^^^^^^^^^^^^^^^^^^^^^^^^^^^^^
  3 |
  4 | /**
  5 |  * Player Database page — wrapped in Suspense because the inner content

https://nextjs.org/docs/messages/module-not-found @ http://localhost:3000/_next/static/chunks/node_modules_next_dist_0u_w_5s._.js:1945
[  200992ms] [ERROR] ./src/app/players/page.tsx:2:1
Module not found: Can't resolve './PlayersPageContent'
  1 | import { Suspense } from "react";
> 2 | import PlayersPageContent from "./PlayersPageContent";
    | ^^^^^^^^^^^^^^^^^^^^^^^^^^^^^^^^^^^^^^^^^^^^^^^^^^^^^^
  3 |
  4 | /**
  5 |  * Player Database page — wrapped in Suspense because the inner content

https://nextjs.org/docs/messages/module-not-found @ http://localhost:3000/_next/static/chunks/node_modules_next_dist_0u_w_5s._.js:1945
[  201106ms] [ERROR] ./src/app/players/page.tsx:2:1
Module not found: Can't resolve './PlayersPageContent'
  1 | import { Suspense } from "react";
> 2 | import PlayersPageContent from "./PlayersPageContent";
    | ^^^^^^^^^^^^^^^^^^^^^^^^^^^^^^^^^^^^^^^^^^^^^^^^^^^^^^
  3 |
  4 | /**
  5 |  * Player Database page — wrapped in Suspense because the inner content

https://nextjs.org/docs/messages/module-not-found @ http://localhost:3000/_next/static/chunks/node_modules_next_dist_0u_w_5s._.js:1945
[  201274ms] [ERROR] ./src/app/players/page.tsx:2:1
Module not found: Can't resolve './PlayersPageContent'
  1 | import { Suspense } from "react";
> 2 | import PlayersPageContent from "./PlayersPageContent";
    | ^^^^^^^^^^^^^^^^^^^^^^^^^^^^^^^^^^^^^^^^^^^^^^^^^^^^^^
  3 |
  4 | /**
  5 |  * Player Database page — wrapped in Suspense because the inner content

https://nextjs.org/docs/messages/module-not-found @ http://localhost:3000/_next/static/chunks/node_modules_next_dist_0u_w_5s._.js:1945
[  201322ms] [ERROR] ./src/app/players/page.tsx:2:1
Module not found: Can't resolve './PlayersPageContent'
  1 | import { Suspense } from "react";
> 2 | import PlayersPageContent from "./PlayersPageContent";
    | ^^^^^^^^^^^^^^^^^^^^^^^^^^^^^^^^^^^^^^^^^^^^^^^^^^^^^^
  3 |
  4 | /**
  5 |  * Player Database page — wrapped in Suspense because the inner content

https://nextjs.org/docs/messages/module-not-found @ http://localhost:3000/_next/static/chunks/node_modules_next_dist_0u_w_5s._.js:1945
[  201679ms] [ERROR] ./src/app/players/page.tsx:2:1
Module not found: Can't resolve './PlayersPageContent'
  1 | import { Suspense } from "react";
> 2 | import PlayersPageContent from "./PlayersPageContent";
    | ^^^^^^^^^^^^^^^^^^^^^^^^^^^^^^^^^^^^^^^^^^^^^^^^^^^^^^
  3 |
  4 | /**
  5 |  * Player Database page — wrapped in Suspense because the inner content

https://nextjs.org/docs/messages/module-not-found @ http://localhost:3000/_next/static/chunks/node_modules_next_dist_0u_w_5s._.js:1945
[  211651ms] [ERROR] ./src/app/players/page.tsx:2:1
Module not found: Can't resolve './PlayersPageContent'
  1 | import { Suspense } from "react";
> 2 | import PlayersPageContent from "./PlayersPageContent";
    | ^^^^^^^^^^^^^^^^^^^^^^^^^^^^^^^^^^^^^^^^^^^^^^^^^^^^^^
  3 |
  4 | /**
  5 |  * Player Database page — wrapped in Suspense because the inner content

https://nextjs.org/docs/messages/module-not-found @ http://localhost:3000/_next/static/chunks/node_modules_next_dist_0u_w_5s._.js:1945
[  214312ms] [ERROR] ./src/app/players/page.tsx:2:1
Module not found: Can't resolve './PlayersPageContent'
  1 | import { Suspense } from "react";
> 2 | import PlayersPageContent from "./PlayersPageContent";
    | ^^^^^^^^^^^^^^^^^^^^^^^^^^^^^^^^^^^^^^^^^^^^^^^^^^^^^^
  3 |
  4 | /**
  5 |  * Player Database page — wrapped in Suspense because the inner content

https://nextjs.org/docs/messages/module-not-found @ http://localhost:3000/_next/static/chunks/node_modules_next_dist_0u_w_5s._.js:1945
[  215778ms] [ERROR] ./src/app/players/page.tsx:2:1
Module not found: Can't resolve './PlayersPageContent'
  1 | import { Suspense } from "react";
> 2 | import PlayersPageContent from "./PlayersPageContent";
    | ^^^^^^^^^^^^^^^^^^^^^^^^^^^^^^^^^^^^^^^^^^^^^^^^^^^^^^
  3 |
  4 | /**
  5 |  * Player Database page — wrapped in Suspense because the inner content

https://nextjs.org/docs/messages/module-not-found @ http://localhost:3000/_next/static/chunks/node_modules_next_dist_0u_w_5s._.js:1945
[  215933ms] [ERROR] ./src/app/players/page.tsx:2:1
Module not found: Can't resolve './PlayersPageContent'
  1 | import { Suspense } from "react";
> 2 | import PlayersPageContent from "./PlayersPageContent";
    | ^^^^^^^^^^^^^^^^^^^^^^^^^^^^^^^^^^^^^^^^^^^^^^^^^^^^^^
  3 |
  4 | /**
  5 |  * Player Database page — wrapped in Suspense because the inner content

https://nextjs.org/docs/messages/module-not-found @ http://localhost:3000/_next/static/chunks/node_modules_next_dist_0u_w_5s._.js:1945
[  216336ms] [ERROR] ./src/app/players/page.tsx:2:1
Module not found: Can't resolve './PlayersPageContent'
  1 | import { Suspense } from "react";
> 2 | import PlayersPageContent from "./PlayersPageContent";
    | ^^^^^^^^^^^^^^^^^^^^^^^^^^^^^^^^^^^^^^^^^^^^^^^^^^^^^^
  3 |
  4 | /**
  5 |  * Player Database page — wrapped in Suspense because the inner content

https://nextjs.org/docs/messages/module-not-found @ http://localhost:3000/_next/static/chunks/node_modules_next_dist_0u_w_5s._.js:1945
[  216383ms] [ERROR] ./src/app/players/page.tsx:2:1
Module not found: Can't resolve './PlayersPageContent'
  1 | import { Suspense } from "react";
> 2 | import PlayersPageContent from "./PlayersPageContent";
    | ^^^^^^^^^^^^^^^^^^^^^^^^^^^^^^^^^^^^^^^^^^^^^^^^^^^^^^
  3 |
  4 | /**
  5 |  * Player Database page — wrapped in Suspense because the inner content

https://nextjs.org/docs/messages/module-not-found @ http://localhost:3000/_next/static/chunks/node_modules_next_dist_0u_w_5s._.js:1945
[  216451ms] [ERROR] ./src/app/players/page.tsx:2:1
Module not found: Can't resolve './PlayersPageContent'
  1 | import { Suspense } from "react";
> 2 | import PlayersPageContent from "./PlayersPageContent";
    | ^^^^^^^^^^^^^^^^^^^^^^^^^^^^^^^^^^^^^^^^^^^^^^^^^^^^^^
  3 |
  4 | /**
  5 |  * Player Database page — wrapped in Suspense because the inner content

https://nextjs.org/docs/messages/module-not-found @ http://localhost:3000/_next/static/chunks/node_modules_next_dist_0u_w_5s._.js:1945
[  216670ms] [ERROR] ./src/app/players/page.tsx:2:1
Module not found: Can't resolve './PlayersPageContent'
  1 | import { Suspense } from "react";
> 2 | import PlayersPageContent from "./PlayersPageContent";
    | ^^^^^^^^^^^^^^^^^^^^^^^^^^^^^^^^^^^^^^^^^^^^^^^^^^^^^^
  3 |
  4 | /**
  5 |  * Player Database page — wrapped in Suspense because the inner content

https://nextjs.org/docs/messages/module-not-found @ http://localhost:3000/_next/static/chunks/node_modules_next_dist_0u_w_5s._.js:1945
[  216943ms] [ERROR] ./src/app/players/page.tsx:2:1
Module not found: Can't resolve './PlayersPageContent'
  1 | import { Suspense } from "react";
> 2 | import PlayersPageContent from "./PlayersPageContent";
    | ^^^^^^^^^^^^^^^^^^^^^^^^^^^^^^^^^^^^^^^^^^^^^^^^^^^^^^
  3 |
  4 | /**
  5 |  * Player Database page — wrapped in Suspense because the inner content

https://nextjs.org/docs/messages/module-not-found @ http://localhost:3000/_next/static/chunks/node_modules_next_dist_0u_w_5s._.js:1945
[  221620ms] [ERROR] ./src/app/players/page.tsx:2:1
Module not found: Can't resolve './PlayersPageContent'
  1 | import { Suspense } from "react";
> 2 | import PlayersPageContent from "./PlayersPageContent";
    | ^^^^^^^^^^^^^^^^^^^^^^^^^^^^^^^^^^^^^^^^^^^^^^^^^^^^^^
  3 |
  4 | /**
  5 |  * Player Database page — wrapped in Suspense because the inner content

https://nextjs.org/docs/messages/module-not-found @ http://localhost:3000/_next/static/chunks/node_modules_next_dist_0u_w_5s._.js:1945
[  221658ms] [ERROR] ./src/app/players/page.tsx:2:1
Module not found: Can't resolve './PlayersPageContent'
  1 | import { Suspense } from "react";
> 2 | import PlayersPageContent from "./PlayersPageContent";
    | ^^^^^^^^^^^^^^^^^^^^^^^^^^^^^^^^^^^^^^^^^^^^^^^^^^^^^^
  3 |
  4 | /**
  5 |  * Player Database page — wrapped in Suspense because the inner content

https://nextjs.org/docs/messages/module-not-found @ http://localhost:3000/_next/static/chunks/node_modules_next_dist_0u_w_5s._.js:1945
[  221709ms] [ERROR] ./src/app/players/page.tsx:2:1
Module not found: Can't resolve './PlayersPageContent'
  1 | import { Suspense } from "react";
> 2 | import PlayersPageContent from "./PlayersPageContent";
    | ^^^^^^^^^^^^^^^^^^^^^^^^^^^^^^^^^^^^^^^^^^^^^^^^^^^^^^
  3 |
  4 | /**
  5 |  * Player Database page — wrapped in Suspense because the inner content

https://nextjs.org/docs/messages/module-not-found @ http://localhost:3000/_next/static/chunks/node_modules_next_dist_0u_w_5s._.js:1945
[  221771ms] [ERROR] ./src/app/players/page.tsx:2:1
Module not found: Can't resolve './PlayersPageContent'
  1 | import { Suspense } from "react";
> 2 | import PlayersPageContent from "./PlayersPageContent";
    | ^^^^^^^^^^^^^^^^^^^^^^^^^^^^^^^^^^^^^^^^^^^^^^^^^^^^^^
  3 |
  4 | /**
  5 |  * Player Database page — wrapped in Suspense because the inner content

https://nextjs.org/docs/messages/module-not-found @ http://localhost:3000/_next/static/chunks/node_modules_next_dist_0u_w_5s._.js:1945
[  221785ms] [ERROR] Failed to load resource: the server responded with a status of 500 (Internal Server Error) @ http://localhost:3000/:0
[  221843ms] Error: ./src/app/players/page.tsx:2:1
Module not found: Can't resolve './PlayersPageContent'
  1 | import { Suspense } from "react";
> 2 | import PlayersPageContent from "./PlayersPageContent";
    | ^^^^^^^^^^^^^^^^^^^^^^^^^^^^^^^^^^^^^^^^^^^^^^^^^^^^^^
  3 |
  4 | /**
  5 |  * Player Database page — wrapped in Suspense because the inner content



https://nextjs.org/docs/messages/module-not-found


    at <unknown> (Error: ./src/app/players/page.tsx:2:1)
    at <unknown> (https://nextjs.org/docs/messages/module-not-found)
    at Object.getCompilationErrors (file:///Users/kwondongho/dev/fifa/node_modules/next/dist/server/dev/hot-reloader-turbopack.js:1189:59)
    at DevBundlerService.getCompilationError (file:///Users/kwondongho/dev/fifa/node_modules/next/dist/server/lib/dev-bundler-service.js:44:55)
    at DevServer.getCompilationError (file:///Users/kwondongho/dev/fifa/node_modules/next/dist/server/dev/next-dev-server.js:719:42)
    at DevServer.findPageComponents (file:///Users/kwondongho/dev/fifa/node_modules/next/dist/server/dev/next-dev-server.js:689:43)
    at async DevServer.renderErrorToResponseImpl (file:///Users/kwondongho/dev/fifa/node_modules/next/dist/server/base-server.js:1745:26)
[  221813ms] [ERROR] ./src/app/players/page.tsx:2:1
Module not found: Can't resolve './PlayersPageContent'
  1 | import { Suspense } from "react";
> 2 | import PlayersPageContent from "./PlayersPageContent";
    | ^^^^^^^^^^^^^^^^^^^^^^^^^^^^^^^^^^^^^^^^^^^^^^^^^^^^^^
  3 |
  4 | /**
  5 |  * Player Database page — wrapped in Suspense because the inner content

https://nextjs.org/docs/messages/module-not-found @ http://localhost:3000/_next/static/chunks/node_modules_next_dist_0u_w_5s._.js:1945
[  221814ms] [ERROR] ./src/app/players/page.tsx:2:1
Module not found: Can't resolve './PlayersPageContent'
  1 | import { Suspense } from "react";
> 2 | import PlayersPageContent from "./PlayersPageContent";
    | ^^^^^^^^^^^^^^^^^^^^^^^^^^^^^^^^^^^^^^^^^^^^^^^^^^^^^^
  3 |
  4 | /**
  5 |  * Player Database page — wrapped in Suspense because the inner content

https://nextjs.org/docs/messages/module-not-found @ http://localhost:3000/_next/static/chunks/node_modules_next_dist_0u_w_5s._.js:1945
[  221848ms] [ERROR] ./src/app/players/page.tsx:2:1
Module not found: Can't resolve './PlayersPageContent'
  1 | import { Suspense } from "react";
> 2 | import PlayersPageContent from "./PlayersPageContent";
    | ^^^^^^^^^^^^^^^^^^^^^^^^^^^^^^^^^^^^^^^^^^^^^^^^^^^^^^
  3 |
  4 | /**
  5 |  * Player Database page — wrapped in Suspense because the inner content

https://nextjs.org/docs/messages/module-not-found @ http://localhost:3000/_next/static/chunks/node_modules_next_dist_0u_w_5s._.js:1945
[  236348ms] [ERROR] ./src/app/players/page.tsx:2:1
Module not found: Can't resolve './PlayersPageContent'
  1 | import { Suspense } from "react";
> 2 | import PlayersPageContent from "./PlayersPageContent";
    | ^^^^^^^^^^^^^^^^^^^^^^^^^^^^^^^^^^^^^^^^^^^^^^^^^^^^^^
  3 |
  4 | /**
  5 |  * Player Database page — wrapped in Suspense because the inner content

https://nextjs.org/docs/messages/module-not-found @ http://localhost:3000/_next/static/chunks/node_modules_next_dist_0u_w_5s._.js:1945
[  238643ms] [ERROR] ./src/app/players/page.tsx:2:1
Module not found: Can't resolve './PlayersPageContent'
  1 | import { Suspense } from "react";
> 2 | import PlayersPageContent from "./PlayersPageContent";
    | ^^^^^^^^^^^^^^^^^^^^^^^^^^^^^^^^^^^^^^^^^^^^^^^^^^^^^^
  3 |
  4 | /**
  5 |  * Player Database page — wrapped in Suspense because the inner content

https://nextjs.org/docs/messages/module-not-found @ http://localhost:3000/_next/static/chunks/node_modules_next_dist_0u_w_5s._.js:1945
[  238771ms] [ERROR] ./src/app/players/page.tsx:2:1
Module not found: Can't resolve './PlayersPageContent'
  1 | import { Suspense } from "react";
> 2 | import PlayersPageContent from "./PlayersPageContent";
    | ^^^^^^^^^^^^^^^^^^^^^^^^^^^^^^^^^^^^^^^^^^^^^^^^^^^^^^
  3 |
  4 | /**
  5 |  * Player Database page — wrapped in Suspense because the inner content

https://nextjs.org/docs/messages/module-not-found @ http://localhost:3000/_next/static/chunks/node_modules_next_dist_0u_w_5s._.js:1945
[  239178ms] [ERROR] ./src/app/players/page.tsx:2:1
Module not found: Can't resolve './PlayersPageContent'
  1 | import { Suspense } from "react";
> 2 | import PlayersPageContent from "./PlayersPageContent";
    | ^^^^^^^^^^^^^^^^^^^^^^^^^^^^^^^^^^^^^^^^^^^^^^^^^^^^^^
  3 |
  4 | /**
  5 |  * Player Database page — wrapped in Suspense because the inner content

https://nextjs.org/docs/messages/module-not-found @ http://localhost:3000/_next/static/chunks/node_modules_next_dist_0u_w_5s._.js:1945
[  239366ms] [ERROR] ./src/app/players/page.tsx:2:1
Module not found: Can't resolve './PlayersPageContent'
  1 | import { Suspense } from "react";
> 2 | import PlayersPageContent from "./PlayersPageContent";
    | ^^^^^^^^^^^^^^^^^^^^^^^^^^^^^^^^^^^^^^^^^^^^^^^^^^^^^^
  3 |
  4 | /**
  5 |  * Player Database page — wrapped in Suspense because the inner content

https://nextjs.org/docs/messages/module-not-found @ http://localhost:3000/_next/static/chunks/node_modules_next_dist_0u_w_5s._.js:1945
[  239576ms] [ERROR] ./src/app/players/page.tsx:2:1
Module not found: Can't resolve './PlayersPageContent'
  1 | import { Suspense } from "react";
> 2 | import PlayersPageContent from "./PlayersPageContent";
    | ^^^^^^^^^^^^^^^^^^^^^^^^^^^^^^^^^^^^^^^^^^^^^^^^^^^^^^
  3 |
  4 | /**
  5 |  * Player Database page — wrapped in Suspense because the inner content

https://nextjs.org/docs/messages/module-not-found @ http://localhost:3000/_next/static/chunks/node_modules_next_dist_0u_w_5s._.js:1945
[  239908ms] [ERROR] ./src/app/players/page.tsx:2:1
Module not found: Can't resolve './PlayersPageContent'
  1 | import { Suspense } from "react";
> 2 | import PlayersPageContent from "./PlayersPageContent";
    | ^^^^^^^^^^^^^^^^^^^^^^^^^^^^^^^^^^^^^^^^^^^^^^^^^^^^^^
  3 |
  4 | /**
  5 |  * Player Database page — wrapped in Suspense because the inner content

https://nextjs.org/docs/messages/module-not-found @ http://localhost:3000/_next/static/chunks/node_modules_next_dist_0u_w_5s._.js:1945
[  240647ms] [ERROR] ./src/app/players/page.tsx:2:1
Module not found: Can't resolve './PlayersPageContent'
  1 | import { Suspense } from "react";
> 2 | import PlayersPageContent from "./PlayersPageContent";
    | ^^^^^^^^^^^^^^^^^^^^^^^^^^^^^^^^^^^^^^^^^^^^^^^^^^^^^^
  3 |
  4 | /**
  5 |  * Player Database page — wrapped in Suspense because the inner content

https://nextjs.org/docs/messages/module-not-found @ http://localhost:3000/_next/static/chunks/node_modules_next_dist_0u_w_5s._.js:1945
[  245261ms] [ERROR] ./src/app/players/page.tsx:2:1
Module not found: Can't resolve './PlayersPageContent'
  1 | import { Suspense } from "react";
> 2 | import PlayersPageContent from "./PlayersPageContent";
    | ^^^^^^^^^^^^^^^^^^^^^^^^^^^^^^^^^^^^^^^^^^^^^^^^^^^^^^
  3 |
  4 | /**
  5 |  * Player Database page — wrapped in Suspense because the inner content

https://nextjs.org/docs/messages/module-not-found @ http://localhost:3000/_next/static/chunks/node_modules_next_dist_0u_w_5s._.js:1945
[  245343ms] [ERROR] ./src/app/players/page.tsx:2:1
Module not found: Can't resolve './PlayersPageContent'
  1 | import { Suspense } from "react";
> 2 | import PlayersPageContent from "./PlayersPageContent";
    | ^^^^^^^^^^^^^^^^^^^^^^^^^^^^^^^^^^^^^^^^^^^^^^^^^^^^^^
  3 |
  4 | /**
  5 |  * Player Database page — wrapped in Suspense because the inner content

https://nextjs.org/docs/messages/module-not-found @ http://localhost:3000/_next/static/chunks/node_modules_next_dist_0u_w_5s._.js:1945
[  245382ms] [ERROR] ./src/app/players/page.tsx:2:1
Module not found: Can't resolve './PlayersPageContent'
  1 | import { Suspense } from "react";
> 2 | import PlayersPageContent from "./PlayersPageContent";
    | ^^^^^^^^^^^^^^^^^^^^^^^^^^^^^^^^^^^^^^^^^^^^^^^^^^^^^^
  3 |
  4 | /**
  5 |  * Player Database page — wrapped in Suspense because the inner content

https://nextjs.org/docs/messages/module-not-found @ http://localhost:3000/_next/static/chunks/node_modules_next_dist_0u_w_5s._.js:1945
[  245423ms] [ERROR] ./src/app/players/page.tsx:2:1
Module not found: Can't resolve './PlayersPageContent'
  1 | import { Suspense } from "react";
> 2 | import PlayersPageContent from "./PlayersPageContent";
    | ^^^^^^^^^^^^^^^^^^^^^^^^^^^^^^^^^^^^^^^^^^^^^^^^^^^^^^
  3 |
  4 | /**
  5 |  * Player Database page — wrapped in Suspense because the inner content

https://nextjs.org/docs/messages/module-not-found @ http://localhost:3000/_next/static/chunks/node_modules_next_dist_0u_w_5s._.js:1945
[  245464ms] [ERROR] ./src/app/players/page.tsx:2:1
Module not found: Can't resolve './PlayersPageContent'
  1 | import { Suspense } from "react";
> 2 | import PlayersPageContent from "./PlayersPageContent";
    | ^^^^^^^^^^^^^^^^^^^^^^^^^^^^^^^^^^^^^^^^^^^^^^^^^^^^^^
  3 |
  4 | /**
  5 |  * Player Database page — wrapped in Suspense because the inner content

https://nextjs.org/docs/messages/module-not-found @ http://localhost:3000/_next/static/chunks/node_modules_next_dist_0u_w_5s._.js:1945
[  245508ms] [ERROR] ./src/app/players/page.tsx:2:1
Module not found: Can't resolve './PlayersPageContent'
  1 | import { Suspense } from "react";
> 2 | import PlayersPageContent from "./PlayersPageContent";
    | ^^^^^^^^^^^^^^^^^^^^^^^^^^^^^^^^^^^^^^^^^^^^^^^^^^^^^^
  3 |
  4 | /**
  5 |  * Player Database page — wrapped in Suspense because the inner content

https://nextjs.org/docs/messages/module-not-found @ http://localhost:3000/_next/static/chunks/node_modules_next_dist_0u_w_5s._.js:1945
[  245553ms] [ERROR] ./src/app/players/page.tsx:2:1
Module not found: Can't resolve './PlayersPageContent'
  1 | import { Suspense } from "react";
> 2 | import PlayersPageContent from "./PlayersPageContent";
    | ^^^^^^^^^^^^^^^^^^^^^^^^^^^^^^^^^^^^^^^^^^^^^^^^^^^^^^
  3 |
  4 | /**
  5 |  * Player Database page — wrapped in Suspense because the inner content

https://nextjs.org/docs/messages/module-not-found @ http://localhost:3000/_next/static/chunks/node_modules_next_dist_0u_w_5s._.js:1945
[  245597ms] [ERROR] ./src/app/players/page.tsx:2:1
Module not found: Can't resolve './PlayersPageContent'
  1 | import { Suspense } from "react";
> 2 | import PlayersPageContent from "./PlayersPageContent";
    | ^^^^^^^^^^^^^^^^^^^^^^^^^^^^^^^^^^^^^^^^^^^^^^^^^^^^^^
  3 |
  4 | /**
  5 |  * Player Database page — wrapped in Suspense because the inner content

https://nextjs.org/docs/messages/module-not-found @ http://localhost:3000/_next/static/chunks/node_modules_next_dist_0u_w_5s._.js:1945
[  245640ms] [ERROR] ./src/app/players/page.tsx:2:1
Module not found: Can't resolve './PlayersPageContent'
  1 | import { Suspense } from "react";
> 2 | import PlayersPageContent from "./PlayersPageContent";
    | ^^^^^^^^^^^^^^^^^^^^^^^^^^^^^^^^^^^^^^^^^^^^^^^^^^^^^^
  3 |
  4 | /**
  5 |  * Player Database page — wrapped in Suspense because the inner content

https://nextjs.org/docs/messages/module-not-found @ http://localhost:3000/_next/static/chunks/node_modules_next_dist_0u_w_5s._.js:1945
[  245683ms] [ERROR] ./src/app/players/page.tsx:2:1
Module not found: Can't resolve './PlayersPageContent'
  1 | import { Suspense } from "react";
> 2 | import PlayersPageContent from "./PlayersPageContent";
    | ^^^^^^^^^^^^^^^^^^^^^^^^^^^^^^^^^^^^^^^^^^^^^^^^^^^^^^
  3 |
  4 | /**
  5 |  * Player Database page — wrapped in Suspense because the inner content

https://nextjs.org/docs/messages/module-not-found @ http://localhost:3000/_next/static/chunks/node_modules_next_dist_0u_w_5s._.js:1945
[  245724ms] [ERROR] ./src/app/players/page.tsx:2:1
Module not found: Can't resolve './PlayersPageContent'
  1 | import { Suspense } from "react";
> 2 | import PlayersPageContent from "./PlayersPageContent";
    | ^^^^^^^^^^^^^^^^^^^^^^^^^^^^^^^^^^^^^^^^^^^^^^^^^^^^^^
  3 |
  4 | /**
  5 |  * Player Database page — wrapped in Suspense because the inner content

https://nextjs.org/docs/messages/module-not-found @ http://localhost:3000/_next/static/chunks/node_modules_next_dist_0u_w_5s._.js:1945
[  245764ms] [ERROR] ./src/app/players/page.tsx:2:1
Module not found: Can't resolve './PlayersPageContent'
  1 | import { Suspense } from "react";
> 2 | import PlayersPageContent from "./PlayersPageContent";
    | ^^^^^^^^^^^^^^^^^^^^^^^^^^^^^^^^^^^^^^^^^^^^^^^^^^^^^^
  3 |
  4 | /**
  5 |  * Player Database page — wrapped in Suspense because the inner content

https://nextjs.org/docs/messages/module-not-found @ http://localhost:3000/_next/static/chunks/node_modules_next_dist_0u_w_5s._.js:1945
[  245805ms] [ERROR] ./src/app/players/page.tsx:2:1
Module not found: Can't resolve './PlayersPageContent'
  1 | import { Suspense } from "react";
> 2 | import PlayersPageContent from "./PlayersPageContent";
    | ^^^^^^^^^^^^^^^^^^^^^^^^^^^^^^^^^^^^^^^^^^^^^^^^^^^^^^
  3 |
  4 | /**
  5 |  * Player Database page — wrapped in Suspense because the inner content

https://nextjs.org/docs/messages/module-not-found @ http://localhost:3000/_next/static/chunks/node_modules_next_dist_0u_w_5s._.js:1945
[  245845ms] [ERROR] ./src/app/players/page.tsx:2:1
Module not found: Can't resolve './PlayersPageContent'
  1 | import { Suspense } from "react";
> 2 | import PlayersPageContent from "./PlayersPageContent";
    | ^^^^^^^^^^^^^^^^^^^^^^^^^^^^^^^^^^^^^^^^^^^^^^^^^^^^^^
  3 |
  4 | /**
  5 |  * Player Database page — wrapped in Suspense because the inner content

https://nextjs.org/docs/messages/module-not-found @ http://localhost:3000/_next/static/chunks/node_modules_next_dist_0u_w_5s._.js:1945
[  245885ms] [ERROR] ./src/app/players/page.tsx:2:1
Module not found: Can't resolve './PlayersPageContent'
  1 | import { Suspense } from "react";
> 2 | import PlayersPageContent from "./PlayersPageContent";
    | ^^^^^^^^^^^^^^^^^^^^^^^^^^^^^^^^^^^^^^^^^^^^^^^^^^^^^^
  3 |
  4 | /**
  5 |  * Player Database page — wrapped in Suspense because the inner content

https://nextjs.org/docs/messages/module-not-found @ http://localhost:3000/_next/static/chunks/node_modules_next_dist_0u_w_5s._.js:1945
[  245925ms] [ERROR] ./src/app/players/page.tsx:2:1
Module not found: Can't resolve './PlayersPageContent'
  1 | import { Suspense } from "react";
> 2 | import PlayersPageContent from "./PlayersPageContent";
    | ^^^^^^^^^^^^^^^^^^^^^^^^^^^^^^^^^^^^^^^^^^^^^^^^^^^^^^
  3 |
  4 | /**
  5 |  * Player Database page — wrapped in Suspense because the inner content

https://nextjs.org/docs/messages/module-not-found @ http://localhost:3000/_next/static/chunks/node_modules_next_dist_0u_w_5s._.js:1945
[  245966ms] [ERROR] ./src/app/players/page.tsx:2:1
Module not found: Can't resolve './PlayersPageContent'
  1 | import { Suspense } from "react";
> 2 | import PlayersPageContent from "./PlayersPageContent";
    | ^^^^^^^^^^^^^^^^^^^^^^^^^^^^^^^^^^^^^^^^^^^^^^^^^^^^^^
  3 |
  4 | /**
  5 |  * Player Database page — wrapped in Suspense because the inner content

https://nextjs.org/docs/messages/module-not-found @ http://localhost:3000/_next/static/chunks/node_modules_next_dist_0u_w_5s._.js:1945
[  246008ms] [ERROR] ./src/app/players/page.tsx:2:1
Module not found: Can't resolve './PlayersPageContent'
  1 | import { Suspense } from "react";
> 2 | import PlayersPageContent from "./PlayersPageContent";
    | ^^^^^^^^^^^^^^^^^^^^^^^^^^^^^^^^^^^^^^^^^^^^^^^^^^^^^^
  3 |
  4 | /**
  5 |  * Player Database page — wrapped in Suspense because the inner content

https://nextjs.org/docs/messages/module-not-found @ http://localhost:3000/_next/static/chunks/node_modules_next_dist_0u_w_5s._.js:1945
[  246053ms] [ERROR] ./src/app/players/page.tsx:2:1
Module not found: Can't resolve './PlayersPageContent'
  1 | import { Suspense } from "react";
> 2 | import PlayersPageContent from "./PlayersPageContent";
    | ^^^^^^^^^^^^^^^^^^^^^^^^^^^^^^^^^^^^^^^^^^^^^^^^^^^^^^
  3 |
  4 | /**
  5 |  * Player Database page — wrapped in Suspense because the inner content

https://nextjs.org/docs/messages/module-not-found @ http://localhost:3000/_next/static/chunks/node_modules_next_dist_0u_w_5s._.js:1945
[  246067ms] [ERROR] Failed to load resource: the server responded with a status of 500 (Internal Server Error) @ http://localhost:3000/:0
[  246093ms] Error: ./src/app/players/page.tsx:2:1
Module not found: Can't resolve './PlayersPageContent'
  1 | import { Suspense } from "react";
> 2 | import PlayersPageContent from "./PlayersPageContent";
    | ^^^^^^^^^^^^^^^^^^^^^^^^^^^^^^^^^^^^^^^^^^^^^^^^^^^^^^
  3 |
  4 | /**
  5 |  * Player Database page — wrapped in Suspense because the inner content



https://nextjs.org/docs/messages/module-not-found


    at <unknown> (Error: ./src/app/players/page.tsx:2:1)
    at <unknown> (https://nextjs.org/docs/messages/module-not-found)
    at Object.getCompilationErrors (file:///Users/kwondongho/dev/fifa/node_modules/next/dist/server/dev/hot-reloader-turbopack.js:1189:59)
    at DevBundlerService.getCompilationError (file:///Users/kwondongho/dev/fifa/node_modules/next/dist/server/lib/dev-bundler-service.js:44:55)
    at DevServer.getCompilationError (file:///Users/kwondongho/dev/fifa/node_modules/next/dist/server/dev/next-dev-server.js:719:42)
    at DevServer.findPageComponents (file:///Users/kwondongho/dev/fifa/node_modules/next/dist/server/dev/next-dev-server.js:689:43)
    at async DevServer.renderErrorToResponseImpl (file:///Users/kwondongho/dev/fifa/node_modules/next/dist/server/base-server.js:1745:26)
[  246095ms] [ERROR] ./src/app/players/page.tsx:2:1
Module not found: Can't resolve './PlayersPageContent'
  1 | import { Suspense } from "react";
> 2 | import PlayersPageContent from "./PlayersPageContent";
    | ^^^^^^^^^^^^^^^^^^^^^^^^^^^^^^^^^^^^^^^^^^^^^^^^^^^^^^
  3 |
  4 | /**
  5 |  * Player Database page — wrapped in Suspense because the inner content

https://nextjs.org/docs/messages/module-not-found @ http://localhost:3000/_next/static/chunks/node_modules_next_dist_0u_w_5s._.js:1945
[  246095ms] [ERROR] ./src/app/players/page.tsx:2:1
Module not found: Can't resolve './PlayersPageContent'
  1 | import { Suspense } from "react";
> 2 | import PlayersPageContent from "./PlayersPageContent";
    | ^^^^^^^^^^^^^^^^^^^^^^^^^^^^^^^^^^^^^^^^^^^^^^^^^^^^^^
  3 |
  4 | /**
  5 |  * Player Database page — wrapped in Suspense because the inner content

https://nextjs.org/docs/messages/module-not-found @ http://localhost:3000/_next/static/chunks/node_modules_next_dist_0u_w_5s._.js:1945
[  246128ms] [ERROR] ./src/app/players/page.tsx:2:1
Module not found: Can't resolve './PlayersPageContent'
  1 | import { Suspense } from "react";
> 2 | import PlayersPageContent from "./PlayersPageContent";
    | ^^^^^^^^^^^^^^^^^^^^^^^^^^^^^^^^^^^^^^^^^^^^^^^^^^^^^^
  3 |
  4 | /**
  5 |  * Player Database page — wrapped in Suspense because the inner content

https://nextjs.org/docs/messages/module-not-found @ http://localhost:3000/_next/static/chunks/node_modules_next_dist_0u_w_5s._.js:1945
[  344972ms] [ERROR] Failed to load resource: the server responded with a status of 500 (Internal Server Error) @ http://localhost:3000/?_rsc=wnywt:0
[  345059ms] [ERROR] Failed to load resource: the server responded with a status of 500 (Internal Server Error) @ http://localhost:3000/?_rsc=wnywt:0
[  345167ms] [ERROR] Failed to load resource: the server responded with a status of 500 (Internal Server Error) @ http://localhost:3000/:0
